Determining if the pthread_create exist failed with the following output:
Change Dir: /home/wyc/Desktop/libcaer-master/CMakeFiles/CMakeTmp

Run Build Command:"/usr/bin/make" "cmTC_29389/fast"
/usr/bin/make -f CMakeFiles/cmTC_29389.dir/build.make CMakeFiles/cmTC_29389.dir/build
make[1]: Entering directory '/home/wyc/Desktop/libcaer-master/CMakeFiles/CMakeTmp'
Building C object CMakeFiles/cmTC_29389.dir/CheckSymbolExists.c.o
/usr/bin/cc   -std=gnu11 -o CMakeFiles/cmTC_29389.dir/CheckSymbolExists.c.o   -c /home/wyc/Desktop/libcaer-master/CMakeFiles/CMakeTmp/CheckSymbolExists.c
Linking C executable cmTC_29389
/usr/bin/cmake -E cmake_link_script CMakeFiles/cmTC_29389.dir/link.txt --verbose=1
/usr/bin/cc      CMakeFiles/cmTC_29389.dir/CheckSymbolExists.c.o  -o cmTC_29389 
CMakeFiles/cmTC_29389.dir/CheckSymbolExists.c.o: In function `main':
CheckSymbolExists.c:(.text+0x1b): undefined reference to `pthread_create'
collect2: error: ld returned 1 exit status
CMakeFiles/cmTC_29389.dir/build.make:97: recipe for target 'cmTC_29389' failed
make[1]: *** [cmTC_29389] Error 1
make[1]: Leaving directory '/home/wyc/Desktop/libcaer-master/CMakeFiles/CMakeTmp'
Makefile:126: recipe for target 'cmTC_29389/fast' failed
make: *** [cmTC_29389/fast] Error 2

File /home/wyc/Desktop/libcaer-master/CMakeFiles/CMakeTmp/CheckSymbolExists.c:
/* */
#include <pthread.h>

int main(int argc, char** argv)
{
  (void)argv;
#ifndef pthread_create
  return ((int*)(&pthread_create))[argc];
#else
  (void)argc;
  return 0;
#endif
}

Determining if the function pthread_create exists in the pthreads failed with the following output:
Change Dir: /home/wyc/Desktop/libcaer-master/CMakeFiles/CMakeTmp

Run Build Command:"/usr/bin/make" "cmTC_e1b6f/fast"
/usr/bin/make -f CMakeFiles/cmTC_e1b6f.dir/build.make CMakeFiles/cmTC_e1b6f.dir/build
make[1]: Entering directory '/home/wyc/Desktop/libcaer-master/CMakeFiles/CMakeTmp'
Building C object CMakeFiles/cmTC_e1b6f.dir/CheckFunctionExists.c.o
/usr/bin/cc   -DCHECK_FUNCTION_EXISTS=pthread_create   -std=gnu11 -o CMakeFiles/cmTC_e1b6f.dir/CheckFunctionExists.c.o   -c /usr/share/cmake-3.10/Modules/CheckFunctionExists.c
Linking C executable cmTC_e1b6f
/usr/bin/cmake -E cmake_link_script CMakeFiles/cmTC_e1b6f.dir/link.txt --verbose=1
/usr/bin/cc  -DCHECK_FUNCTION_EXISTS=pthread_create    CMakeFiles/cmTC_e1b6f.dir/CheckFunctionExists.c.o  -o cmTC_e1b6f -lpthreads 
/usr/bin/ld: cannot find -lpthreads
collect2: error: ld returned 1 exit status
CMakeFiles/cmTC_e1b6f.dir/build.make:97: recipe for target 'cmTC_e1b6f' failed
make[1]: *** [cmTC_e1b6f] Error 1
make[1]: Leaving directory '/home/wyc/Desktop/libcaer-master/CMakeFiles/CMakeTmp'
Makefile:126: recipe for target 'cmTC_e1b6f/fast' failed
make: *** [cmTC_e1b6f/fast] Error 2


